{"level":"info","ts":"2024-01-04T13:24:13.805+0700","caller":"server/server.go:67","msg":"Load configuration successfully"}
{"level":"info","ts":"2024-01-04T13:24:13.806+0700","caller":"server/server.go:73","msg":"Database is opened successfully"}
{"level":"info","ts":"2024-01-04T13:24:28.075+0700","caller":"auth-handlers/log.go:97","msg":"User loggin","email":"lybatu27899@gmail.com"}
{"level":"info","ts":"2024-01-04T13:29:47.246+0700","caller":"server/server.go:67","msg":"Load configuration successfully"}
{"level":"info","ts":"2024-01-04T13:29:47.247+0700","caller":"server/server.go:73","msg":"Database is opened successfully"}
{"level":"info","ts":"2024-01-04T13:29:49.361+0700","caller":"auth-handlers/log.go:97","msg":"User loggin","email":"lybatu27899@gmail.com"}
{"level":"info","ts":"2024-01-04T13:42:39.051+0700","caller":"server/server.go:58","msg":"Load configuration successfully"}
{"level":"info","ts":"2024-01-04T13:42:39.051+0700","caller":"server/server.go:64","msg":"Database is opened successfully"}
{"level":"info","ts":"2024-01-04T13:42:43.719+0700","caller":"auth-handlers/log.go:97","msg":"User loggin","email":"lybatu27899@gmail.com"}
{"level":"info","ts":"2024-01-04T14:13:19.177+0700","caller":"server/server.go:58","msg":"Load configuration successfully"}
{"level":"info","ts":"2024-01-04T14:13:19.177+0700","caller":"server/server.go:64","msg":"Database is opened successfully"}
{"level":"info","ts":"2024-01-04T14:13:21.125+0700","caller":"auth-handlers/log.go:97","msg":"User loggin","email":"lybatu27899@gmail.com"}
{"level":"warn","ts":"2024-01-04T14:13:21.125+0700","caller":"auth-handlers/log.go:101","msg":"Test warn"}
{"level":"info","ts":"2024-01-04T16:05:51.792+0700","caller":"server/server.go:57","msg":"Load configuration successfully"}
{"level":"info","ts":"2024-01-04T16:05:51.792+0700","caller":"server/server.go:63","msg":"Database is opened successfully"}
{"level":"info","ts":"2024-01-04T16:05:57.351+0700","caller":"auth-handlers/log.go:97","msg":"User loggin","email":"lybatu27899@gmail.com"}
{"level":"info","ts":"2024-01-04T16:06:26.392+0700","caller":"middleware/auth.go:84","msg":"[GIN] 200 |             ::1 | GET | \"/api/v1/jobs/types\" |","payload":{"id":"8c029cbe-f2de-4d2d-b226-6a5f252f33f9","sub":"access token claim","exp":1704360957,"iat":1704359157,"jti":"26"}}
{"level":"info","ts":"2024-01-04T16:09:23.047+0700","caller":"server/server.go:57","msg":"Load configuration successfully"}
{"level":"info","ts":"2024-01-04T16:09:23.047+0700","caller":"server/server.go:63","msg":"Database is opened successfully"}
{"level":"info","ts":"2024-01-04T16:09:26.188+0700","caller":"auth-handlers/log.go:97","msg":"User loggin","email":"lybatu27899@gmail.com"}
{"level":"info","ts":"2024-01-04T16:09:36.544+0700","caller":"middleware/auth.go:84","msg":"[GIN] 200 |             ::1 | GET | \"/api/v1/jobs/types\" |","payload":{"id":"8c029cbe-f2de-4d2d-b226-6a5f252f33f9","sub":"access token claim","exp":1704360957,"iat":1704359157,"jti":"26"}}
{"level":"info","ts":"2024-01-04T16:10:33.402+0700","caller":"server/server.go:57","msg":"Load configuration successfully"}
{"level":"info","ts":"2024-01-04T16:10:33.403+0700","caller":"server/server.go:63","msg":"Database is opened successfully"}
{"level":"info","ts":"2024-01-04T16:10:37.729+0700","caller":"middleware/auth.go:84","msg":"[GIN] 200 |             ::1 | GET | /api/v1/jobs/types  ","payload":{"id":"8c029cbe-f2de-4d2d-b226-6a5f252f33f9","sub":"access token claim","exp":1704360957,"iat":1704359157,"jti":"26"}}
